/*C1*/SET SCHEMA PUBLIC
CONNECT USER SA
drop table Aluno if exists
drop table Bookmark if exists
drop table Disciplina if exists
drop table disciplina_aluno if exists
create table Aluno (id bigint generated by default as identity (start with 1), nome varchar(255), primary key (id))
create table Bookmark (id bigint generated by default as identity (start with 1), description varchar(255), link varchar(255), primary key (id))
create table Disciplina (id bigint generated by default as identity (start with 1), nome varchar(255), primary key (id))
create table disciplina_aluno (disciplina_id bigint not null, aluno_id bigint not null, primary key (disciplina_id, aluno_id))
alter table disciplina_aluno add constraint FK2BE28258D3AE3398 foreign key (disciplina_id) references Disciplina
alter table disciplina_aluno add constraint FK2BE28258BB2B59BC foreign key (aluno_id) references Aluno
SET AUTOCOMMIT FALSE
INSERT INTO ALUNO VALUES(1,'Jo\u00e3o')
COMMIT
SET AUTOCOMMIT TRUE
SET AUTOCOMMIT FALSE
INSERT INTO ALUNO VALUES(2,'Maria')
COMMIT
SET AUTOCOMMIT TRUE
SET AUTOCOMMIT FALSE
INSERT INTO ALUNO VALUES(3,'Jos\u00e9')
COMMIT
SET AUTOCOMMIT TRUE
SET AUTOCOMMIT FALSE
INSERT INTO BOOKMARK VALUES(1,'Demoiselle Portal','http://www.frameworkdemoiselle.gov.br')
INSERT INTO BOOKMARK VALUES(2,'Demoiselle SourceForge','http://sf.net/projects/demoiselle')
INSERT INTO BOOKMARK VALUES(3,'Twitter','http://twitter.frameworkdemoiselle.gov.br')
INSERT INTO BOOKMARK VALUES(4,'Blog','http://blog.frameworkdemoiselle.gov.br')
INSERT INTO BOOKMARK VALUES(5,'Wiki','http://wiki.frameworkdemoiselle.gov.br')
INSERT INTO BOOKMARK VALUES(6,'Bug Tracking','http://tracker.frameworkdemoiselle.gov.br')
INSERT INTO BOOKMARK VALUES(7,'Forum','http://forum.frameworkdemoiselle.gov.br')
INSERT INTO BOOKMARK VALUES(8,'SVN','http://svn.frameworkdemoiselle.gov.br')
INSERT INTO BOOKMARK VALUES(9,'Maven','http://repository.frameworkdemoiselle.gov.br')
INSERT INTO BOOKMARK VALUES(10,'Downloads','http://download.frameworkdemoiselle.gov.br')
COMMIT
SET AUTOCOMMIT TRUE
SET AUTOCOMMIT FALSE
INSERT INTO DISCIPLINA VALUES(1,'Portugu\u00eas')
COMMIT
SET AUTOCOMMIT TRUE
SET AUTOCOMMIT FALSE
INSERT INTO DISCIPLINA VALUES(2,'Matem\u00e1tica')
COMMIT
SET AUTOCOMMIT TRUE
SET AUTOCOMMIT FALSE
INSERT INTO DISCIPLINA VALUES(3,'Hist\u00f3ria')
COMMIT
SET AUTOCOMMIT TRUE
SET AUTOCOMMIT FALSE
DELETE FROM BOOKMARK WHERE ID=1
COMMIT
SET AUTOCOMMIT TRUE
SET AUTOCOMMIT FALSE
DELETE FROM BOOKMARK WHERE ID=2
COMMIT
SET AUTOCOMMIT TRUE
SET AUTOCOMMIT FALSE
DELETE FROM BOOKMARK WHERE ID=3
COMMIT
SET AUTOCOMMIT TRUE
SET AUTOCOMMIT FALSE
DELETE FROM BOOKMARK WHERE ID=4
COMMIT
SET AUTOCOMMIT TRUE
SET AUTOCOMMIT FALSE
DELETE FROM BOOKMARK WHERE ID=5
COMMIT
SET AUTOCOMMIT TRUE
SET AUTOCOMMIT FALSE
DELETE FROM BOOKMARK WHERE ID=6
COMMIT
SET AUTOCOMMIT TRUE
SET AUTOCOMMIT FALSE
DELETE FROM BOOKMARK WHERE ID=7
COMMIT
SET AUTOCOMMIT TRUE
SET AUTOCOMMIT FALSE
DELETE FROM BOOKMARK WHERE ID=8
COMMIT
SET AUTOCOMMIT TRUE
SET AUTOCOMMIT FALSE
DELETE FROM BOOKMARK WHERE ID=9
COMMIT
SET AUTOCOMMIT TRUE
SET AUTOCOMMIT FALSE
DELETE FROM BOOKMARK WHERE ID=10
COMMIT
SET AUTOCOMMIT TRUE
SET AUTOCOMMIT FALSE
INSERT INTO BOOKMARK VALUES(11,'Demoiselle Portal','http://www.frameworkdemoiselle.gov.br')
INSERT INTO BOOKMARK VALUES(12,'Demoiselle SourceForge','http://sf.net/projects/demoiselle')
INSERT INTO BOOKMARK VALUES(13,'Twitter','http://twitter.frameworkdemoiselle.gov.br')
INSERT INTO BOOKMARK VALUES(14,'Blog','http://blog.frameworkdemoiselle.gov.br')
INSERT INTO BOOKMARK VALUES(15,'Wiki','http://wiki.frameworkdemoiselle.gov.br')
INSERT INTO BOOKMARK VALUES(16,'Bug Tracking','http://tracker.frameworkdemoiselle.gov.br')
INSERT INTO BOOKMARK VALUES(17,'Forum','http://forum.frameworkdemoiselle.gov.br')
INSERT INTO BOOKMARK VALUES(18,'SVN','http://svn.frameworkdemoiselle.gov.br')
INSERT INTO BOOKMARK VALUES(19,'Maven','http://repository.frameworkdemoiselle.gov.br')
INSERT INTO BOOKMARK VALUES(20,'Downloads','http://download.frameworkdemoiselle.gov.br')
COMMIT
SET AUTOCOMMIT TRUE
SET AUTOCOMMIT FALSE
DELETE FROM BOOKMARK WHERE ID=11
COMMIT
SET AUTOCOMMIT TRUE
SET AUTOCOMMIT FALSE
DELETE FROM BOOKMARK WHERE ID=12
COMMIT
SET AUTOCOMMIT TRUE
SET AUTOCOMMIT FALSE
DELETE FROM BOOKMARK WHERE ID=13
COMMIT
SET AUTOCOMMIT TRUE
SET AUTOCOMMIT FALSE
DELETE FROM BOOKMARK WHERE ID=14
COMMIT
SET AUTOCOMMIT TRUE
SET AUTOCOMMIT FALSE
DELETE FROM BOOKMARK WHERE ID=15
COMMIT
SET AUTOCOMMIT TRUE
SET AUTOCOMMIT FALSE
DELETE FROM BOOKMARK WHERE ID=16
COMMIT
SET AUTOCOMMIT TRUE
SET AUTOCOMMIT FALSE
DELETE FROM BOOKMARK WHERE ID=17
COMMIT
SET AUTOCOMMIT TRUE
SET AUTOCOMMIT FALSE
DELETE FROM BOOKMARK WHERE ID=18
COMMIT
SET AUTOCOMMIT TRUE
SET AUTOCOMMIT FALSE
DELETE FROM BOOKMARK WHERE ID=19
COMMIT
SET AUTOCOMMIT TRUE
SET AUTOCOMMIT FALSE
DELETE FROM BOOKMARK WHERE ID=20
COMMIT
SET AUTOCOMMIT TRUE
SET AUTOCOMMIT FALSE
INSERT INTO BOOKMARK VALUES(21,'Demoiselle Portal','http://www.frameworkdemoiselle.gov.br')
COMMIT
SET AUTOCOMMIT TRUE
SET AUTOCOMMIT FALSE
DELETE FROM BOOKMARK WHERE ID=21
COMMIT
SET AUTOCOMMIT TRUE
SET AUTOCOMMIT FALSE
INSERT INTO BOOKMARK VALUES(22,'Demoiselle Portal','http://www.frameworkdemoiselle.gov.br')
COMMIT
SET AUTOCOMMIT TRUE
SET AUTOCOMMIT FALSE
DELETE FROM BOOKMARK WHERE ID=22
COMMIT
SET AUTOCOMMIT TRUE
SET AUTOCOMMIT FALSE
INSERT INTO BOOKMARK VALUES(23,'Demoiselle Portal','http://www.frameworkdemoiselle.gov.br')
COMMIT
SET AUTOCOMMIT TRUE
SET AUTOCOMMIT FALSE
DELETE FROM BOOKMARK WHERE ID=23
INSERT INTO BOOKMARK VALUES(23,'Demoiselle Portal alterado','http://www.frameworkdemoiselle.gov.br')
COMMIT
SET AUTOCOMMIT TRUE
SET AUTOCOMMIT FALSE
DELETE FROM BOOKMARK WHERE ID=23
COMMIT
SET AUTOCOMMIT TRUE
SET AUTOCOMMIT FALSE
INSERT INTO DISCIPLINA VALUES(4,'matematica')
COMMIT
SET AUTOCOMMIT TRUE
SET AUTOCOMMIT FALSE
DELETE FROM DISCIPLINA WHERE ID=4
COMMIT
SET AUTOCOMMIT TRUE
SET AUTOCOMMIT FALSE
DELETE FROM DISCIPLINA WHERE ID=1
COMMIT
SET AUTOCOMMIT TRUE
SET AUTOCOMMIT FALSE
DELETE FROM DISCIPLINA WHERE ID=2
COMMIT
SET AUTOCOMMIT TRUE
SET AUTOCOMMIT FALSE
DELETE FROM DISCIPLINA WHERE ID=3
COMMIT
SET AUTOCOMMIT TRUE
SET AUTOCOMMIT FALSE
INSERT INTO DISCIPLINA VALUES(5,'matematica')
COMMIT
SET AUTOCOMMIT TRUE
SET AUTOCOMMIT FALSE
DELETE FROM DISCIPLINA WHERE ID=5
COMMIT
SET AUTOCOMMIT TRUE
SET AUTOCOMMIT FALSE
INSERT INTO DISCIPLINA VALUES(6,'d1')
COMMIT
SET AUTOCOMMIT TRUE
SET AUTOCOMMIT FALSE
DELETE FROM DISCIPLINA WHERE ID=6
INSERT INTO DISCIPLINA VALUES(6,'d2')
COMMIT
SET AUTOCOMMIT TRUE
SET AUTOCOMMIT FALSE
DELETE FROM DISCIPLINA WHERE ID=6
COMMIT
SET AUTOCOMMIT TRUE
SET AUTOCOMMIT FALSE
INSERT INTO DISCIPLINA VALUES(7,'d1')
COMMIT
SET AUTOCOMMIT TRUE
SET AUTOCOMMIT FALSE
INSERT INTO DISCIPLINA VALUES(8,'d2')
COMMIT
SET AUTOCOMMIT TRUE
SET AUTOCOMMIT FALSE
SET AUTOCOMMIT TRUE
SET AUTOCOMMIT FALSE
DELETE FROM DISCIPLINA WHERE ID=7
COMMIT
SET AUTOCOMMIT TRUE
SET AUTOCOMMIT FALSE
DELETE FROM DISCIPLINA WHERE ID=8
COMMIT
SET AUTOCOMMIT TRUE
SET AUTOCOMMIT FALSE
INSERT INTO ALUNO VALUES(4,'fulano')
COMMIT
SET AUTOCOMMIT TRUE
SET AUTOCOMMIT FALSE
INSERT INTO ALUNO VALUES(5,'fulano')
COMMIT
SET AUTOCOMMIT TRUE
SET AUTOCOMMIT FALSE
INSERT INTO DISCIPLINA VALUES(9,'disciplina de teste')
COMMIT
SET AUTOCOMMIT TRUE
SET AUTOCOMMIT FALSE
INSERT INTO DISCIPLINA_ALUNO VALUES(9,1)
COMMIT
SET AUTOCOMMIT TRUE
SET AUTOCOMMIT FALSE
INSERT INTO DISCIPLINA_ALUNO VALUES(9,2)
COMMIT
SET AUTOCOMMIT TRUE
SET AUTOCOMMIT FALSE
DELETE FROM DISCIPLINA_ALUNO WHERE DISCIPLINA_ID=9 AND ALUNO_ID=1
DELETE FROM DISCIPLINA_ALUNO WHERE DISCIPLINA_ID=9 AND ALUNO_ID=2
DELETE FROM ALUNO WHERE ID=1
DELETE FROM ALUNO WHERE ID=2
DELETE FROM DISCIPLINA WHERE ID=9
COMMIT
SET AUTOCOMMIT TRUE
SET AUTOCOMMIT FALSE
INSERT INTO DISCIPLINA VALUES(10,'matematica')
COMMIT
SET AUTOCOMMIT TRUE
SET AUTOCOMMIT FALSE
INSERT INTO ALUNO VALUES(6,'fulano')
COMMIT
SET AUTOCOMMIT TRUE
SET AUTOCOMMIT FALSE
INSERT INTO DISCIPLINA_ALUNO VALUES(10,4)
COMMIT
SET AUTOCOMMIT TRUE
SET AUTOCOMMIT FALSE
SET AUTOCOMMIT TRUE
SET AUTOCOMMIT FALSE
DELETE FROM DISCIPLINA_ALUNO WHERE DISCIPLINA_ID=10 AND ALUNO_ID=4
DELETE FROM ALUNO WHERE ID=4
DELETE FROM DISCIPLINA WHERE ID=10
COMMIT
SET AUTOCOMMIT TRUE
